<?xml version="1.0" encoding="UTF-8"?>
<!-- Generated by org.testng.reporters.JUnitXMLReporter -->
<testsuite hostname="DESKTOP-UK8D3PT" failures="0" tests="7" name="Test" time="0.181" errors="0" timestamp="5 Mar 2023 14:32:00 GMT">
  <testcase classname="Tpack.classOne" name="testone" time="0.049"/>
  <testcase classname="Tpack.classeTwo" name="testTwo" time="0.002"/>
  <testcase classname="Tpack.classThree" name="testthree" time="0.005"/>
  <testcase classname="opack.ClassFour" name="testFour" time="0.003"/>
  <testcase classname="opack.ClassFive" name="testFive" time="0.009"/>
  <testcase classname="opack.ClassSix" name="testSix" time="0.007"/>
  <testcase classname="kpack.ClassSeven" name="testSeven" time="0.008"/>
</testsuite> <!-- Test -->
